<?xml version="1.0" encoding="UTF-8"?>
<!-- Generated by org.testng.reporters.JUnitReportReporter -->
<testsuite hostname="Jamalpc" failures="0" tests="4" name="crossBrowser.MultiBrowser" time="46.817" errors="0" timestamp="08 May 2020 19:26:08 GMT" skipped="0">
  <testcase classname="crossBrowser.MultiBrowser" name="multiBrowserTesting" time="11.992"/>
  <testcase classname="crossBrowser.MultiBrowser" name="multiBrowserTesting" time="9.257"/>
  <testcase classname="crossBrowser.MultiBrowser" name="multiBrowserTesting" time="10.975"/>
  <testcase classname="crossBrowser.MultiBrowser" name="multiBrowserTesting" time="14.593"/>
</testsuite> <!-- crossBrowser.MultiBrowser -->
