<?xml version="1.0" encoding="UTF-8"?>
<!-- Generated by org.testng.reporters.JUnitReportReporter -->
<testsuite hostname="Jamalpc" failures="0" tests="1" name="BasePack.HowToSearchInSearchBox" time="5.173" errors="0" timestamp="08 May 2020 19:23:11 GMT" skipped="0">
  <testcase classname="BasePack.HowToSearchInSearchBox" name="WeatherSearchBox" time="5.173"/>
</testsuite> <!-- BasePack.HowToSearchInSearchBox -->
