<?xml version="1.0" encoding="UTF-8"?>
<!-- Generated by org.testng.reporters.JUnitReportReporter -->
<testsuite hostname="Jamalpc" failures="0" tests="1" name="BasePack.HowCanTakeScreenshot" time="11.445" errors="0" timestamp="14 May 2020 06:00:21 GMT" skipped="0">
  <testcase classname="BasePack.HowCanTakeScreenshot" name="takingScreenShot" time="11.445"/>
</testsuite> <!-- BasePack.HowCanTakeScreenshot -->
