<?xml version="1.0" encoding="UTF-8"?>
<!-- Generated by org.testng.reporters.JUnitReportReporter -->
<testsuite hostname="Jamalpc" failures="0" tests="1" name="xpathPack.UseOfXpath" time="8.933" errors="0" timestamp="10 May 2020 19:47:20 GMT" skipped="0">
  <testcase classname="xpathPack.UseOfXpath" name="AbsoluteXpath" time="8.933"/>
</testsuite> <!-- xpathPack.UseOfXpath -->
