<?xml version="1.0" encoding="UTF-8"?>
<!-- Generated by org.testng.reporters.JUnitReportReporter -->
<testsuite hostname="Jamalpc" failures="0" tests="1" name="ManualTestpack.ManualyConvertToAutomatin" time="0.389" errors="0" timestamp="03 May 2020 20:04:26 GMT" skipped="0">
  <testcase classname="ManualTestpack.ManualyConvertToAutomatin" name="verifyTitle" time="0.389"/>
</testsuite> <!-- ManualTestpack.ManualyConvertToAutomatin -->
