<?xml version="1.0" encoding="UTF-8"?>
<!-- Generated by org.testng.reporters.JUnitReportReporter -->
<testsuite hostname="Jamalpc" failures="0" tests="3" name="BasePack.HowToHandlAlert" time="25.875" errors="0" timestamp="08 May 2020 19:36:08 GMT" skipped="0">
  <testcase classname="BasePack.HowToHandlAlert" name="Alert" time="9.925"/>
  <testcase classname="BasePack.HowToHandlAlert" name="ShowPrompt" time="8.261"/>
  <testcase classname="BasePack.HowToHandlAlert" name="ConfirmAlert" time="7.689"/>
</testsuite> <!-- BasePack.HowToHandlAlert -->
