<?xml version="1.0" encoding="UTF-8"?>
<!-- Generated by org.testng.reporters.JUnitReportReporter -->
<testsuite hostname="Jamalpc" failures="0" tests="1" name="Package1.HowtoCountLinkwebpage" time="0.599" errors="0" timestamp="13 Apr 2020 23:18:38 GMT" skipped="0">
  <testcase classname="Package1.HowtoCountLinkwebpage" name="LinkCounting" time="0.599"/>
</testsuite> <!-- Package1.HowtoCountLinkwebpage -->
