<?xml version="1.0" encoding="UTF-8"?>
<!-- Generated by org.testng.reporters.JUnitReportReporter -->
<testsuite hostname="Jamalpc" failures="0" tests="1" name="BasePack.HowToScrollUPandDown" time="12.266" errors="0" timestamp="10 May 2020 06:09:56 GMT" skipped="0">
  <testcase classname="BasePack.HowToScrollUPandDown" name="ScrollDown" time="12.266"/>
</testsuite> <!-- BasePack.HowToScrollUPandDown -->
