<?xml version="1.0" encoding="UTF-8"?>
<!-- Generated by org.testng.reporters.JUnitReportReporter -->
<testsuite hostname="Jamalpc" failures="0" tests="1" name="BasePack.HowToMakeBrowserZoominAndZoomOut" time="10.280" errors="0" timestamp="10 May 2020 06:10:29 GMT" skipped="0">
  <testcase classname="BasePack.HowToMakeBrowserZoominAndZoomOut" name="ZoomIn" time="10.280"/>
</testsuite> <!-- BasePack.HowToMakeBrowserZoominAndZoomOut -->
