<?xml version="1.0" encoding="UTF-8"?>
<!-- Generated by org.testng.reporters.JUnitReportReporter -->
<testsuite hostname="Jamalpc" failures="0" tests="3" name="BasePack.DataDrivenFrameWork" time="20.841" errors="0" timestamp="06 May 2020 04:19:48 GMT" skipped="0">
  <testcase classname="BasePack.DataDrivenFrameWork" name="FaceBookDataDriven" time="5.298"/>
  <testcase classname="BasePack.DataDrivenFrameWork" name="FaceBookDataDriven" time="6.847"/>
  <testcase classname="BasePack.DataDrivenFrameWork" name="FaceBookDataDriven" time="8.696"/>
</testsuite> <!-- BasePack.DataDrivenFrameWork -->
