<?xml version="1.0" encoding="UTF-8"?>
<!-- Generated by org.testng.reporters.JUnitReportReporter -->
<testsuite hostname="Jamalpc" failures="0" tests="1" name="xpathPack.HowToUseDynamicXpathInMicroCenter" time="18.240" errors="0" timestamp="13 May 2020 04:31:01 GMT" skipped="0">
  <testcase classname="xpathPack.HowToUseDynamicXpathInMicroCenter" name="FindingXpathinMicroCenter" time="18.240"/>
</testsuite> <!-- xpathPack.HowToUseDynamicXpathInMicroCenter -->
