<?xml version="1.0" encoding="UTF-8"?>
<!-- Generated by org.testng.reporters.JUnitReportReporter -->
<testsuite hostname="Jamalpc" failures="0" tests="1" name="BasePack.HowToHandleMultipleWindows" time="24.288" errors="0" timestamp="08 May 2020 05:01:17 GMT" skipped="0">
  <testcase classname="BasePack.HowToHandleMultipleWindows" name="HandleMultipleWindows" time="24.288"/>
</testsuite> <!-- BasePack.HowToHandleMultipleWindows -->
