<?xml version="1.0" encoding="UTF-8"?>
<!-- Generated by org.testng.reporters.JUnitReportReporter -->
<testsuite hostname="Jamalpc" failures="0" tests="2" name="BasePack.HowToopennewTabandnewWindow" time="10.146" errors="0" timestamp="10 May 2020 04:49:35 GMT" skipped="0">
  <testcase classname="BasePack.HowToopennewTabandnewWindow" name="OpennewWindow" time="7.433"/>
  <testcase classname="BasePack.HowToopennewTabandnewWindow" name="OpenNewTab" time="2.713"/>
</testsuite> <!-- BasePack.HowToopennewTabandnewWindow -->
