<?xml version="1.0" encoding="UTF-8"?>
<!-- Generated by org.testng.reporters.JUnitReportReporter -->
<testsuite hostname="Jamalpc" failures="0" tests="1" name="BasePack.HowCanHandleMultiplepagesIntoSameWindow" time="20.797" errors="0" timestamp="18 Apr 2020 19:09:40 GMT" skipped="0">
  <testcase classname="BasePack.HowCanHandleMultiplepagesIntoSameWindow" name="MultiplepagesInSameWindow" time="20.797"/>
</testsuite> <!-- BasePack.HowCanHandleMultiplepagesIntoSameWindow -->
