<?xml version="1.0" encoding="UTF-8"?>
<!-- Generated by org.testng.reporters.JUnitReportReporter -->
<testsuite hostname="Jamalpc" failures="0" tests="4" name="crossBrowser.MultiBrowserByParameter" time="28.796" errors="0" timestamp="26 Apr 2020 20:18:26 GMT" skipped="0">
  <testcase classname="crossBrowser.MultiBrowserByParameter" name="googleTest" time="7.967"/>
  <testcase classname="crossBrowser.MultiBrowserByParameter" name="googleTest" time="6.839"/>
  <testcase classname="crossBrowser.MultiBrowserByParameter" name="googleTest" time="6.013"/>
  <testcase classname="crossBrowser.MultiBrowserByParameter" name="googleTest" time="7.977"/>
</testsuite> <!-- crossBrowser.MultiBrowserByParameter -->
