<?xml version="1.0" encoding="UTF-8"?>
<!-- Generated by org.testng.reporters.JUnitReportReporter -->
<testsuite hostname="Jamalpc" failures="0" tests="1" name="BasePack.HowToHighlightWebElement" time="4.417" errors="0" timestamp="10 May 2020 06:37:16 GMT" skipped="0">
  <testcase classname="BasePack.HowToHighlightWebElement" name="HighlightWebElement" time="4.417"/>
</testsuite> <!-- BasePack.HowToHighlightWebElement -->
